[debug] [2022-05-08T18:36:46.410Z] ----------------------------------------------------------------------
[debug] [2022-05-08T18:36:46.411Z] Command:       /usr/local/bin/firebase /home/roche/.cache/firebase/tools/lib/node_modules/firebase-tools/lib/bin/firebase init
[debug] [2022-05-08T18:36:46.412Z] CLI Version:   10.8.0
[debug] [2022-05-08T18:36:46.412Z] Platform:      linux
[debug] [2022-05-08T18:36:46.412Z] Node Version:  v12.18.1
[debug] [2022-05-08T18:36:46.412Z] Time:          Sun May 08 2022 21:36:46 GMT+0300 (East Africa Time)
[debug] [2022-05-08T18:36:46.412Z] ----------------------------------------------------------------------
[debug] 
[debug] [2022-05-08T18:36:46.478Z] > command requires scopes: ["email","openid","https://www.googleapis.com/auth/cloudplatformprojects.readonly","https://www.googleapis.com/auth/firebase","https://www.googleapis.com/auth/cloud-platform"]
[debug] [2022-05-08T18:36:46.478Z] > authorizing via signed-in user (sungundede@gmail.com)
[info] 
     ######## #### ########  ######## ########     ###     ######  ########
     ##        ##  ##     ## ##       ##     ##  ##   ##  ##       ##
     ######    ##  ########  ######   ########  #########  ######  ######
     ##        ##  ##    ##  ##       ##     ## ##     ##       ## ##
     ##       #### ##     ## ######## ########  ##     ##  ######  ########

You're about to initialize a Firebase project in this directory:

  /home/roche/Desktop/Projects/React-Portfolio-Website

Before we get started, keep in mind:

  * You are initializing within an existing Firebase project directory

[debug] [2022-05-08T18:37:30.854Z] ----------------------------------------------------------------------
[debug] [2022-05-08T18:37:30.856Z] Command:       /usr/local/bin/firebase /home/roche/.cache/firebase/tools/lib/node_modules/firebase-tools/lib/bin/firebase init hosting
[debug] [2022-05-08T18:37:30.857Z] CLI Version:   10.8.0
[debug] [2022-05-08T18:37:30.857Z] Platform:      linux
[debug] [2022-05-08T18:37:30.857Z] Node Version:  v12.18.1
[debug] [2022-05-08T18:37:30.857Z] Time:          Sun May 08 2022 21:37:30 GMT+0300 (East Africa Time)
[debug] [2022-05-08T18:37:30.857Z] ----------------------------------------------------------------------
[debug] 
[debug] [2022-05-08T18:37:30.922Z] > command requires scopes: ["email","openid","https://www.googleapis.com/auth/cloudplatformprojects.readonly","https://www.googleapis.com/auth/firebase","https://www.googleapis.com/auth/cloud-platform"]
[debug] [2022-05-08T18:37:30.922Z] > authorizing via signed-in user (sungundede@gmail.com)
[info] 
     ######## #### ########  ######## ########     ###     ######  ########
     ##        ##  ##     ## ##       ##     ##  ##   ##  ##       ##
     ######    ##  ########  ######   ########  #########  ######  ######
     ##        ##  ##    ##  ##       ##     ## ##     ##       ## ##
     ##       #### ##     ## ######## ########  ##     ##  ######  ########

You're about to initialize a Firebase project in this directory:

  /home/roche/Desktop/Projects/React-Portfolio-Website

Before we get started, keep in mind:

  * You are initializing within an existing Firebase project directory

[info] 
=== Project Setup
[info] 
[info] First, let's associate this project directory with a Firebase project.
[info] You can create multiple project aliases by running firebase use --add, 
[info] but for now we'll just set up a default project.
[info] 
[debug] [2022-05-08T18:37:30.927Z] Using project from CLI flag: portfolio-website-3d44f
[debug] [2022-05-08T18:37:30.930Z] >>> [apiv2][query] GET https://firebase.googleapis.com/v1beta1/projects/portfolio-website-3d44f [none]
[debug] [2022-05-08T18:37:32.021Z] <<< [apiv2][status] GET https://firebase.googleapis.com/v1beta1/projects/portfolio-website-3d44f 200
[debug] [2022-05-08T18:37:32.021Z] <<< [apiv2][body] GET https://firebase.googleapis.com/v1beta1/projects/portfolio-website-3d44f {"projectId":"portfolio-website-3d44f","projectNumber":"385209140989","displayName":"Portfolio-Website","name":"projects/portfolio-website-3d44f","resources":{"hostingSite":"portfolio-website-3d44f"},"state":"ACTIVE"}
[info] i  Using project portfolio-website-3d44f (Portfolio-Website) 
[info] 
=== Hosting Setup
[info] 
[info] Your public directory is the folder (relative to your project directory) that
[info] will contain Hosting assets to be uploaded with firebase deploy. If you
[info] have a build process for your assets, use your build's output directory.
[info] 
